<?xml version="1.0" encoding="UTF-8"?>
<!-- Generated by org.testng.reporters.JUnitReportReporter -->
<testsuite hostname="Ranjeet-MacBook-Pro.local" failures="0" tests="5" name="Com.internetbaning.TestCases.TC_LoginDataTest_004" time="131.386" errors="0" timestamp="2022-12-08T12:24:04 IST" skipped="0">
  <testcase classname="Com.internetbaning.TestCases.TC_LoginDataTest_004" name="LoginData" time="25.491"/>
  <system-out/>
  <testcase classname="Com.internetbaning.TestCases.TC_LoginDataTest_004" name="LoginData" time="26.756"/>
  <system-out/>
  <testcase classname="Com.internetbaning.TestCases.TC_LoginDataTest_004" name="LoginData" time="20.686"/>
  <system-out/>
  <testcase classname="Com.internetbaning.TestCases.TC_LoginDataTest_004" name="LoginData" time="33.825"/>
  <system-out/>
  <testcase classname="Com.internetbaning.TestCases.TC_LoginDataTest_004" name="LoginData" time="24.628"/>
  <system-out/>
</testsuite> <!-- Com.internetbaning.TestCases.TC_LoginDataTest_004 -->
