<?xml version="1.0" encoding="UTF-8"?>
<!-- Generated by org.testng.reporters.JUnitReportReporter -->
<testsuite hostname="Ranjeet-MacBook-Pro.local" failures="0" tests="1" name="Com.internetbaning.TestCases.NewCutomerTest" time="48.419" errors="0" timestamp="2022-12-08T12:24:04 IST" skipped="0">
  <testcase classname="Com.internetbaning.TestCases.NewCutomerTest" name="AddnewCutomer" time="48.419"/>
  <system-out/>
</testsuite> <!-- Com.internetbaning.TestCases.NewCutomerTest -->
