<?xml version="1.0" encoding="UTF-8"?>
<!-- Generated by org.testng.reporters.JUnitReportReporter -->
<testsuite hostname="Ranjeet-MacBook-Pro.local" failures="0" tests="1" name="Com.internetbaning.TestCases.TC_AccountCreation_003" time="33.648" errors="0" timestamp="2022-12-08T12:24:04 IST" skipped="0">
  <testcase classname="Com.internetbaning.TestCases.TC_AccountCreation_003" name="AddNewAccount" time="33.648"/>
  <system-out/>
</testsuite> <!-- Com.internetbaning.TestCases.TC_AccountCreation_003 -->
